<?xml version="1.0" encoding="UTF-8"?>
<testsuite name="specs.PlanetWeightSpec" tests="1" skipped="0" failures="0" errors="0" timestamp="2019-10-11T10:51:54" hostname="BLR-LT-100904" time="8.672">
  <properties/>
  <testcase name="weight on mercury" classname="specs.PlanetWeightSpec" time="8.672"/>
  <system-out><![CDATA[]]></system-out>
  <system-err><![CDATA[1570791116259	mozrunner::runner	INFO	Running command: "C:\\Program Files (x86)\\Mozilla Firefox\\firefox.exe" "-marionette" "-foreground" "-no-remote" "-profile" "C:\\Users\\SPERUM~1\\AppData\\Local\\Temp\\rust_mozprofile.3oEG5Nkiu7lc"
1570791117176	addons.webextension.screenshots@mozilla.org	WARN	Loading extension 'screenshots@mozilla.org': Reading manifest: Invalid extension permission: mozillaAddons
1570791117176	addons.webextension.screenshots@mozilla.org	WARN	Loading extension 'screenshots@mozilla.org': Reading manifest: Invalid extension permission: telemetry
1570791117176	addons.webextension.screenshots@mozilla.org	WARN	Loading extension 'screenshots@mozilla.org': Reading manifest: Invalid extension permission: resource://pdf.js/
1570791117176	addons.webextension.screenshots@mozilla.org	WARN	Loading extension 'screenshots@mozilla.org': Reading manifest: Invalid extension permission: about:reader*
JavaScript error: resource://gre/modules/XULStore.jsm, line 66: Error: Can't find profile directory.
1570791119081	Marionette	INFO	Listening on port 54951
1570791119484	Marionette	WARN	TLS certificate errors will be ignored for this session
Oct 11, 2019 4:21:59 PM org.openqa.selenium.remote.ProtocolHandshake createSession
INFO: Detected dialect: W3C
]]></system-err>
</testsuite>
